[INFO] Scanning for projects...
[WARNING] 
[WARNING] Some problems were encountered while building the effective model for com.redhat.demo.dm:creditcardfraud-integration-service:jar:1.0.0-SNAPSHOT
[WARNING] 'dependencies.dependency.version' for commons-lang:commons-lang:jar is either LATEST or RELEASE (both of them are being deprecated) @ line 78, column 13
[WARNING] 
[WARNING] It is highly recommended to fix these problems because they threaten the stability of your build.
[WARNING] 
[WARNING] For this reason, future Maven versions might no longer support building such malformed projects.
[WARNING] 
[INFO] 
[INFO] -------< com.redhat.demo.dm:creditcardfraud-integration-service >-------
[INFO] Building creditcardfraud-integration-service 1.0.0-SNAPSHOT
[INFO] --------------------------------[ jar ]---------------------------------
Downloading from snapshots-repo: https://oss.sonatype.org/content/repositories/snapshots/com/redhat/demo/dm/creditcardfraud-data-model/1.0.0-SNAPSHOT/maven-metadata.xml
Downloading from snapshots-repo: https://oss.sonatype.org/content/repositories/snapshots/commons-lang/commons-lang/maven-metadata.xml
[INFO] 
[INFO] --- maven-dependency-plugin:2.8:tree (default-cli) @ creditcardfraud-integration-service ---
[INFO] com.redhat.demo.dm:creditcardfraud-integration-service:jar:1.0.0-SNAPSHOT
[INFO] +- io.vertx:vertx-kafka-client:jar:3.8.5.redhat-00005:compile
[INFO] |  +- org.apache.kafka:kafka_2.12:jar:2.3.0.redhat-00003:compile
[INFO] |  |  +- com.fasterxml.jackson.module:jackson-module-scala_2.12:jar:2.9.10.redhat-00002:compile
[INFO] |  |  |  \- com.fasterxml.jackson.module:jackson-module-paranamer:jar:2.9.10.redhat-00002:compile
[INFO] |  |  |     \- com.thoughtworks.paranamer:paranamer:jar:2.8.0.redhat-00001:compile
[INFO] |  |  +- com.fasterxml.jackson.dataformat:jackson-dataformat-csv:jar:2.9.10.redhat-00002:compile
[INFO] |  |  +- com.fasterxml.jackson.datatype:jackson-datatype-jdk8:jar:2.9.10.redhat-00002:compile
[INFO] |  |  +- net.sf.jopt-simple:jopt-simple:jar:5.0.4.redhat-00002:compile
[INFO] |  |  +- com.yammer.metrics:metrics-core:jar:2.2.0.redhat-00003:compile
[INFO] |  |  +- org.scala-lang:scala-reflect:jar:2.12.8.redhat-00003:compile
[INFO] |  |  +- com.typesafe.scala-logging:scala-logging_2.12:jar:3.9.0.redhat-00008:compile
[INFO] |  |  +- com.101tec:zkclient:jar:0.11.0.redhat-00001:compile
[INFO] |  |  \- org.apache.zookeeper:zookeeper:jar:3.4.14.redhat-00001:compile
[INFO] |  |     \- org.apache.yetus:audience-annotations:jar:0.5.0.redhat-1:compile
[INFO] |  \- org.slf4j:slf4j-log4j12:jar:1.7.21.redhat-3:compile
[INFO] +- io.vertx:vertx-core:jar:3.8.5.redhat-00005:compile
[INFO] |  +- io.netty:netty-common:jar:4.1.45.Final-redhat-00001:compile
[INFO] |  +- io.netty:netty-buffer:jar:4.1.45.Final-redhat-00001:compile
[INFO] |  +- io.netty:netty-transport:jar:4.1.45.Final-redhat-00001:compile
[INFO] |  +- io.netty:netty-handler:jar:4.1.45.Final-redhat-00001:compile
[INFO] |  |  \- io.netty:netty-codec:jar:4.1.45.Final-redhat-00001:compile
[INFO] |  +- io.netty:netty-handler-proxy:jar:4.1.45.Final-redhat-00001:compile
[INFO] |  |  \- io.netty:netty-codec-socks:jar:4.1.45.Final-redhat-00001:compile
[INFO] |  +- io.netty:netty-codec-http:jar:4.1.45.Final-redhat-00001:compile
[INFO] |  +- io.netty:netty-codec-http2:jar:4.1.45.Final-redhat-00001:compile
[INFO] |  +- io.netty:netty-resolver:jar:4.1.45.Final-redhat-00001:compile
[INFO] |  +- io.netty:netty-resolver-dns:jar:4.1.45.Final-redhat-00001:compile
[INFO] |  |  \- io.netty:netty-codec-dns:jar:4.1.45.Final-redhat-00001:compile
[INFO] |  +- com.fasterxml.jackson.core:jackson-core:jar:2.10.2.redhat-00003:compile
[INFO] |  \- com.fasterxml.jackson.core:jackson-databind:jar:2.10.2.redhat-00003:compile
[INFO] |     \- com.fasterxml.jackson.core:jackson-annotations:jar:2.10.2.redhat-00003:compile
[INFO] +- org.kie:kie-ci:jar:7.33.0.Final-redhat-00003:compile
[INFO] |  +- org.drools:drools-core-reflective:jar:7.33.0.Final-redhat-00003:compile
[INFO] |  +- org.drools:drools-core-dynamic:jar:7.33.0.Final-redhat-00003:compile
[INFO] |  +- org.kie.soup:kie-soup-maven-support:jar:7.33.0.Final-redhat-00003:compile
[INFO] |  +- org.kie.soup:kie-soup-maven-integration:jar:7.33.0.Final-redhat-00003:compile
[INFO] |  |  +- org.apache.maven:maven-artifact:jar:3.3.9.redhat-2:compile
[INFO] |  |  +- org.apache.maven:maven-plugin-api:jar:3.3.9.redhat-2:compile
[INFO] |  |  +- org.eclipse.aether:aether-util:jar:1.1.0.redhat-1:compile
[INFO] |  |  +- org.eclipse.aether:aether-spi:jar:1.1.0.redhat-1:compile
[INFO] |  |  +- org.eclipse.aether:aether-transport-file:jar:1.1.0.redhat-1:compile
[INFO] |  |  +- org.eclipse.aether:aether-transport-http:jar:1.1.0.redhat-1:compile
[INFO] |  |  +- org.apache.ant:ant:jar:1.8.4-redhat-1:compile
[INFO] |  |  |  \- org.apache.ant:ant-launcher:jar:1.8.3-redhat-1:compile
[INFO] |  |  +- org.apache.httpcomponents:httpcore:jar:4.4.6:compile
[INFO] |  |  \- com.google.inject:guice:jar:no_aop:4.0.0.redhat-2:compile
[INFO] |  |     +- javax.inject:javax.inject:jar:1.0.0.redhat-6:compile
[INFO] |  |     \- aopalliance:aopalliance:jar:1.0.0.redhat-2:compile
[INFO] |  +- org.apache.maven:maven-core:jar:3.3.9.redhat-2:compile
[INFO] |  |  +- org.apache.maven:maven-repository-metadata:jar:3.3.9.redhat-2:compile
[INFO] |  |  +- org.codehaus.plexus:plexus-interpolation:jar:1.21.0.redhat-1:compile
[INFO] |  |  +- org.codehaus.plexus:plexus-component-annotations:jar:1.6.0.redhat-1:compile
[INFO] |  |  \- org.apache.commons:commons-lang3:jar:3.4.0.redhat-003:compile
[INFO] |  +- org.apache.maven:maven-model:jar:3.3.9.redhat-2:compile
[INFO] |  +- org.apache.maven:maven-model-builder:jar:3.3.9.redhat-2:compile
[INFO] |  |  +- org.apache.maven:maven-builder-support:jar:3.3.9.redhat-2:compile
[INFO] |  |  \- com.google.guava:guava:jar:18.0.0.redhat-1:compile
[INFO] |  +- org.apache.maven:maven-settings:jar:3.3.9.redhat-2:compile
[INFO] |  +- org.apache.maven:maven-settings-builder:jar:3.3.9.redhat-2:compile
[INFO] |  +- org.apache.maven:maven-compat:jar:3.3.9.redhat-2:compile
[INFO] |  +- org.apache.maven:maven-aether-provider:jar:3.3.9.redhat-2:compile
[INFO] |  +- org.apache.maven.wagon:wagon-provider-api:jar:3.0.0.redhat-2:compile
[INFO] |  +- org.sonatype.plexus:plexus-sec-dispatcher:jar:1.3.0.redhat-1:compile
[INFO] |  +- org.codehaus.plexus:plexus-classworlds:jar:2.5.2.redhat-2:compile
[INFO] |  +- org.codehaus.plexus:plexus-utils:jar:3.0.22:compile
[INFO] |  +- org.eclipse.aether:aether-api:jar:1.1.0.redhat-1:compile
[INFO] |  +- org.eclipse.aether:aether-impl:jar:1.1.0.redhat-1:compile
[INFO] |  +- org.eclipse.aether:aether-connector-basic:jar:1.1.0.redhat-1:compile
[INFO] |  +- org.eclipse.aether:aether-transport-wagon:jar:1.1.0.redhat-1:compile
[INFO] |  +- org.eclipse.sisu:org.eclipse.sisu.plexus:jar:0.3.2.redhat-00002:compile
[INFO] |  |  +- javax.enterprise:cdi-api:jar:1.0:compile
[INFO] |  |  |  \- javax.annotation:jsr250-api:jar:1.0:compile
[INFO] |  |  +- org.eclipse.sisu:org.eclipse.sisu.inject.extender:jar:0.3.2.redhat-00002:compile
[INFO] |  |  \- org.eclipse.sisu:org.eclipse.sisu.inject:jar:0.3.2.redhat-00002:compile
[INFO] |  +- org.apache.maven.wagon:wagon-http:jar:3.0.0.redhat-2:compile
[INFO] |  |  +- org.apache.maven.wagon:wagon-http-shared:jar:3.0.0.redhat-2:compile
[INFO] |  |  |  \- org.jsoup:jsoup:jar:1.7.2:compile
[INFO] |  |  \- org.apache.httpcomponents:httpclient:jar:4.5.3:compile
[INFO] |  +- commons-io:commons-io:jar:2.6.0.redhat-00001:compile
[INFO] |  +- org.slf4j:jcl-over-slf4j:jar:1.7.26:compile
[INFO] |  \- org.sonatype.plexus:plexus-cipher:jar:1.7.0.redhat-1:compile
[INFO] +- org.kie:kie-internal:jar:7.33.0.Final-redhat-00003:compile
[INFO] +- com.redhat.demo.dm:creditcardfraud-data-model:jar:1.0.0-SNAPSHOT:compile
[INFO] +- org.kie:kie-api:jar:7.33.0.Final-redhat-00003:compile
[INFO] +- org.drools:drools-core:jar:7.33.0.Final-redhat-00003:compile
[INFO] |  +- org.mvel:mvel2:jar:2.4.4.Final-redhat-00001:compile
[INFO] |  +- org.kie.soup:kie-soup-commons:jar:7.33.0.Final-redhat-00003:compile
[INFO] |  +- org.kie.soup:kie-soup-project-datamodel-commons:jar:7.33.0.Final-redhat-00003:compile
[INFO] |  |  \- org.kie.soup:kie-soup-project-datamodel-api:jar:7.33.0.Final-redhat-00003:compile
[INFO] |  \- commons-codec:commons-codec:jar:1.10.0.redhat-5:compile
[INFO] +- org.drools:drools-compiler:jar:7.33.0.Final-redhat-00003:compile
[INFO] |  +- org.antlr:antlr-runtime:jar:3.5.2.redhat-1:compile
[INFO] |  +- com.thoughtworks.xstream:xstream:jar:1.4.11.1-redhat-00001:compile
[INFO] |  |  +- xmlpull:xmlpull:jar:1.1.3.1:compile
[INFO] |  |  \- xpp3:xpp3_min:jar:1.1.4c-redhat-2:compile
[INFO] |  \- com.google.protobuf:protobuf-java:jar:3.6.1:compile
[INFO] +- commons-lang:commons-lang:jar:2.6.0.redhat-7:compile
[INFO] +- org.slf4j:slf4j-api:jar:1.7.25:compile
[INFO] +- log4j:log4j:jar:1.2.17.redhat-3:compile
[INFO] +- org.apache.kafka:kafka-clients:jar:2.4.0.redhat-00005:compile
[INFO] |  +- com.github.luben:zstd-jni:jar:1.4.3.1-redhat-00002:compile
[INFO] |  +- org.lz4:lz4-java:jar:1.6.0.redhat-00001:compile
[INFO] |  \- org.xerial.snappy:snappy-java:jar:1.1.7.2-redhat-00002:compile
[INFO] +- org.apache.kafka:kafka-streams:jar:2.4.0.redhat-00005:compile
[INFO] |  +- org.apache.kafka:connect-json:jar:2.4.0.redhat-00005:compile
[INFO] |  |  \- org.apache.kafka:connect-api:jar:2.4.0.redhat-00005:compile
[INFO] |  \- org.rocksdb:rocksdbjni:jar:5.18.3.redhat-00002:compile
[INFO] +- com.google.code.gson:gson:jar:2.2.2:compile
[INFO] \- junit:junit:jar:4.12:test
[INFO]    \- org.hamcrest:hamcrest-core:jar:1.3:test
[INFO] ------------------------------------------------------------------------
[INFO] BUILD SUCCESS
[INFO] ------------------------------------------------------------------------
[INFO] Total time:  2.257 s
[INFO] Finished at: 2020-06-24T17:26:12-04:00
[INFO] ------------------------------------------------------------------------
